This file contains any messages produced by compilers while
running configure, to aid debugging if configure makes a mistake.

It was created by ccminer configure 2014.06.15, which was
generated by GNU Autoconf 2.69.  Invocation command line was

  $ ./configure CFLAGS=-O3 CXXFLAGS=-O3

## --------- ##
## Platform. ##
## --------- ##

hostname = ra.cwi
uname -m = x86_64
uname -r = 4.18.10-200.fc28.x86_64
uname -s = Linux
uname -v = #1 SMP Wed Sep 26 09:48:36 UTC 2018

/usr/bin/uname -p = x86_64
/bin/uname -X     = unknown

/bin/arch              = x86_64
/usr/bin/arch -k       = unknown
/usr/convex/getsysinfo = unknown
/usr/bin/hostinfo      = unknown
/bin/machine           = unknown
/usr/bin/oslevel       = unknown
/bin/universe          = unknown

PATH: /usr/share/Modules/bin
PATH: /usr/lib64/ccache
PATH: /usr/local/bin
PATH: /usr/local/sbin
PATH: /usr/bin
PATH: /usr/sbin
PATH: /home/crysx/.local/bin
PATH: /home/crysx/bin


## ----------- ##
## Core tests. ##
## ----------- ##

configure:2386: checking build system type
configure:2400: result: x86_64-unknown-linux-gnu
configure:2420: checking host system type
configure:2433: result: x86_64-unknown-linux-gnu
configure:2453: checking target system type
configure:2466: result: x86_64-unknown-linux-gnu
configure:2510: checking for a BSD-compatible install
configure:2578: result: /usr/bin/install -c
configure:2589: checking whether build environment is sane
configure:2644: result: yes
configure:2682: WARNING: 'missing' script is too old or missing
configure:2795: checking for a thread-safe mkdir -p
configure:2834: result: /usr/bin/mkdir -p
configure:2841: checking for gawk
configure:2857: found /usr/bin/gawk
configure:2868: result: gawk
configure:2879: checking whether make sets $(MAKE)
configure:2901: result: yes
configure:2930: checking whether make supports nested variables
configure:2947: result: yes
configure:3077: checking whether to enable maintainer-specific portions of Makefiles
configure:3086: result: no
configure:3112: checking for style of include used by make
configure:3140: result: GNU
configure:3211: checking for gcc
configure:3227: found /usr/lib64/ccache/gcc
configure:3238: result: gcc
configure:3467: checking for C compiler version
configure:3476: gcc --version >&5
gcc (GCC) 8.1.1 20180712 (Red Hat 8.1.1-5)
Copyright (C) 2018 Free Software Foundation, Inc.
This is free software; see the source for copying conditions.  There is NO
warranty; not even for MERCHANTABILITY or FITNESS FOR A PARTICULAR PURPOSE.

configure:3487: $? = 0
configure:3476: gcc -v >&5
Using built-in specs.
COLLECT_GCC=/usr/bin/gcc
COLLECT_LTO_WRAPPER=/usr/libexec/gcc/x86_64-redhat-linux/8/lto-wrapper
OFFLOAD_TARGET_NAMES=nvptx-none
OFFLOAD_TARGET_DEFAULT=1
Target: x86_64-redhat-linux
Configured with: ../configure --enable-bootstrap --enable-languages=c,c++,fortran,objc,obj-c++,ada,go,lto --prefix=/usr --mandir=/usr/share/man --infodir=/usr/share/info --with-bugurl=http://bugzilla.redhat.com/bugzilla --enable-shared --enable-threads=posix --enable-checking=release --enable-multilib --with-system-zlib --enable-__cxa_atexit --disable-libunwind-exceptions --enable-gnu-unique-object --enable-linker-build-id --with-gcc-major-version-only --with-linker-hash-style=gnu --enable-plugin --enable-initfini-array --with-isl --enable-libmpx --enable-offload-targets=nvptx-none --without-cuda-driver --enable-gnu-indirect-function --enable-cet --with-tune=generic --with-arch_32=i686 --build=x86_64-redhat-linux
Thread model: posix
gcc version 8.1.1 20180712 (Red Hat 8.1.1-5) (GCC) 
configure:3487: $? = 0
configure:3476: gcc -V >&5
gcc: error: unrecognized command line option '-V'
gcc: fatal error: no input files
compilation terminated.
configure:3487: $? = 1
configure:3476: gcc -qversion >&5
gcc: error: unrecognized command line option '-qversion'; did you mean '--version'?
gcc: fatal error: no input files
compilation terminated.
configure:3487: $? = 1
configure:3507: checking whether the C compiler works
configure:3529: gcc -O3   conftest.c  >&5
configure:3533: $? = 0
configure:3581: result: yes
configure:3584: checking for C compiler default output file name
configure:3586: result: a.out
configure:3592: checking for suffix of executables
configure:3599: gcc -o conftest -O3   conftest.c  >&5
configure:3603: $? = 0
configure:3625: result: 
configure:3647: checking whether we are cross compiling
configure:3655: gcc -o conftest -O3   conftest.c  >&5
configure:3659: $? = 0
configure:3666: ./conftest
configure:3670: $? = 0
configure:3685: result: no
configure:3690: checking for suffix of object files
configure:3712: gcc -c -O3  conftest.c >&5
configure:3716: $? = 0
configure:3737: result: o
configure:3741: checking whether we are using the GNU C compiler
configure:3760: gcc -c -O3  conftest.c >&5
configure:3760: $? = 0
configure:3769: result: yes
configure:3778: checking whether gcc accepts -g
configure:3798: gcc -c -g  conftest.c >&5
configure:3798: $? = 0
configure:3839: result: yes
configure:3856: checking for gcc option to accept ISO C89
configure:3919: gcc  -c -O3  conftest.c >&5
configure:3919: $? = 0
configure:3932: result: none needed
configure:3957: checking whether gcc understands -c and -o together
configure:3979: gcc -c conftest.c -o conftest2.o
configure:3982: $? = 0
configure:3979: gcc -c conftest.c -o conftest2.o
configure:3982: $? = 0
configure:3994: result: yes
configure:4013: checking dependency style of gcc
configure:4124: result: gcc3
configure:4139: checking for gcc option to accept ISO C99
configure:4288: gcc  -c -O3  conftest.c >&5
configure:4288: $? = 0
configure:4301: result: none needed
configure:4322: checking how to run the C preprocessor
configure:4353: gcc -E  conftest.c
configure:4353: $? = 0
configure:4367: gcc -E  conftest.c
conftest.c:11:10: fatal error: ac_nonexistent.h: No such file or directory
 #include <ac_nonexistent.h>
          ^~~~~~~~~~~~~~~~~~
compilation terminated.
configure:4367: $? = 1
configure: failed program was:
| /* confdefs.h */
| #define PACKAGE_NAME "ccminer"
| #define PACKAGE_TARNAME "ccminer"
| #define PACKAGE_VERSION "2014.06.15"
| #define PACKAGE_STRING "ccminer 2014.06.15"
| #define PACKAGE_BUGREPORT ""
| #define PACKAGE_URL ""
| #define PACKAGE "ccminer"
| #define VERSION "2014.06.15"
| /* end confdefs.h.  */
| #include <ac_nonexistent.h>
configure:4392: result: gcc -E
configure:4412: gcc -E  conftest.c
configure:4412: $? = 0
configure:4426: gcc -E  conftest.c
conftest.c:11:10: fatal error: ac_nonexistent.h: No such file or directory
 #include <ac_nonexistent.h>
          ^~~~~~~~~~~~~~~~~~
compilation terminated.
configure:4426: $? = 1
configure: failed program was:
| /* confdefs.h */
| #define PACKAGE_NAME "ccminer"
| #define PACKAGE_TARNAME "ccminer"
| #define PACKAGE_VERSION "2014.06.15"
| #define PACKAGE_STRING "ccminer 2014.06.15"
| #define PACKAGE_BUGREPORT ""
| #define PACKAGE_URL ""
| #define PACKAGE "ccminer"
| #define VERSION "2014.06.15"
| /* end confdefs.h.  */
| #include <ac_nonexistent.h>
configure:4455: checking for grep that handles long lines and -e
configure:4513: result: /usr/bin/grep
configure:4518: checking for egrep
configure:4580: result: /usr/bin/grep -E
configure:4586: checking whether gcc needs -traditional
configure:4620: result: no
configure:4637: checking dependency style of gcc
configure:4746: result: gcc3
configure:4804: checking for ranlib
configure:4820: found /usr/bin/ranlib
configure:4831: result: ranlib
configure:4911: checking for g++
configure:4927: found /usr/lib64/ccache/g++
configure:4938: result: g++
configure:4965: checking for C++ compiler version
configure:4974: g++ --version >&5
g++ (GCC) 8.1.1 20180712 (Red Hat 8.1.1-5)
Copyright (C) 2018 Free Software Foundation, Inc.
This is free software; see the source for copying conditions.  There is NO
warranty; not even for MERCHANTABILITY or FITNESS FOR A PARTICULAR PURPOSE.

configure:4985: $? = 0
configure:4974: g++ -v >&5
Using built-in specs.
COLLECT_GCC=/usr/bin/g++
COLLECT_LTO_WRAPPER=/usr/libexec/gcc/x86_64-redhat-linux/8/lto-wrapper
OFFLOAD_TARGET_NAMES=nvptx-none
OFFLOAD_TARGET_DEFAULT=1
Target: x86_64-redhat-linux
Configured with: ../configure --enable-bootstrap --enable-languages=c,c++,fortran,objc,obj-c++,ada,go,lto --prefix=/usr --mandir=/usr/share/man --infodir=/usr/share/info --with-bugurl=http://bugzilla.redhat.com/bugzilla --enable-shared --enable-threads=posix --enable-checking=release --enable-multilib --with-system-zlib --enable-__cxa_atexit --disable-libunwind-exceptions --enable-gnu-unique-object --enable-linker-build-id --with-gcc-major-version-only --with-linker-hash-style=gnu --enable-plugin --enable-initfini-array --with-isl --enable-libmpx --enable-offload-targets=nvptx-none --without-cuda-driver --enable-gnu-indirect-function --enable-cet --with-tune=generic --with-arch_32=i686 --build=x86_64-redhat-linux
Thread model: posix
gcc version 8.1.1 20180712 (Red Hat 8.1.1-5) (GCC) 
configure:4985: $? = 0
configure:4974: g++ -V >&5
g++: error: unrecognized command line option '-V'
g++: fatal error: no input files
compilation terminated.
configure:4985: $? = 1
configure:4974: g++ -qversion >&5
g++: error: unrecognized command line option '-qversion'; did you mean '--version'?
g++: fatal error: no input files
compilation terminated.
configure:4985: $? = 1
configure:4989: checking whether we are using the GNU C++ compiler
configure:5008: g++ -c -O3  conftest.cpp >&5
configure:5008: $? = 0
configure:5017: result: yes
configure:5026: checking whether g++ accepts -g
configure:5046: g++ -c -g  conftest.cpp >&5
configure:5046: $? = 0
configure:5087: result: yes
configure:5112: checking dependency style of g++
configure:5223: result: gcc3
configure:5246: checking for gcc option to support OpenMP
configure:5261: gcc -o conftest -O3   conftest.c  >&5
conftest.c:13:2: error: unknown type name 'choke'
  choke me
  ^~~~~
conftest.c:13:10: error: expected ';' before 'typedef'
  choke me
          ^
          ;
configure:5261: $? = 1
configure: failed program was:
| /* confdefs.h */
| #define PACKAGE_NAME "ccminer"
| #define PACKAGE_TARNAME "ccminer"
| #define PACKAGE_VERSION "2014.06.15"
| #define PACKAGE_STRING "ccminer 2014.06.15"
| #define PACKAGE_BUGREPORT ""
| #define PACKAGE_URL ""
| #define PACKAGE "ccminer"
| #define VERSION "2014.06.15"
| /* end confdefs.h.  */
| 
| #ifndef _OPENMP
|  choke me
| #endif
| #include <omp.h>
| int main () { return omp_get_num_threads (); }
| 
configure:5279: gcc -o conftest -O3 -fopenmp   conftest.c  >&5
configure:5279: $? = 0
configure:5293: result: -fopenmp
configure:5305: checking for ANSI C header files
configure:5325: gcc -c -O3  conftest.c >&5
configure:5325: $? = 0
configure:5398: gcc -o conftest -O3   conftest.c  >&5
configure:5398: $? = 0
configure:5398: ./conftest
configure:5398: $? = 0
configure:5409: result: yes
configure:5422: checking for sys/types.h
configure:5422: gcc -c -O3  conftest.c >&5
configure:5422: $? = 0
configure:5422: result: yes
configure:5422: checking for sys/stat.h
configure:5422: gcc -c -O3  conftest.c >&5
configure:5422: $? = 0
configure:5422: result: yes
configure:5422: checking for stdlib.h
configure:5422: gcc -c -O3  conftest.c >&5
configure:5422: $? = 0
configure:5422: result: yes
configure:5422: checking for string.h
configure:5422: gcc -c -O3  conftest.c >&5
configure:5422: $? = 0
configure:5422: result: yes
configure:5422: checking for memory.h
configure:5422: gcc -c -O3  conftest.c >&5
configure:5422: $? = 0
configure:5422: result: yes
configure:5422: checking for strings.h
configure:5422: gcc -c -O3  conftest.c >&5
configure:5422: $? = 0
configure:5422: result: yes
configure:5422: checking for inttypes.h
configure:5422: gcc -c -O3  conftest.c >&5
configure:5422: $? = 0
configure:5422: result: yes
configure:5422: checking for stdint.h
configure:5422: gcc -c -O3  conftest.c >&5
configure:5422: $? = 0
configure:5422: result: yes
configure:5422: checking for unistd.h
configure:5422: gcc -c -O3  conftest.c >&5
configure:5422: $? = 0
configure:5422: result: yes
configure:5437: checking sys/endian.h usability
configure:5437: gcc -c -O3  conftest.c >&5
conftest.c:54:10: fatal error: sys/endian.h: No such file or directory
 #include <sys/endian.h>
          ^~~~~~~~~~~~~~
compilation terminated.
configure:5437: $? = 1
configure: failed program was:
| /* confdefs.h */
| #define PACKAGE_NAME "ccminer"
| #define PACKAGE_TARNAME "ccminer"
| #define PACKAGE_VERSION "2014.06.15"
| #define PACKAGE_STRING "ccminer 2014.06.15"
| #define PACKAGE_BUGREPORT ""
| #define PACKAGE_URL ""
| #define PACKAGE "ccminer"
| #define VERSION "2014.06.15"
| #define STDC_HEADERS 1
| #define HAVE_SYS_TYPES_H 1
| #define HAVE_SYS_STAT_H 1
| #define HAVE_STDLIB_H 1
| #define HAVE_STRING_H 1
| #define HAVE_MEMORY_H 1
| #define HAVE_STRINGS_H 1
| #define HAVE_INTTYPES_H 1
| #define HAVE_STDINT_H 1
| #define HAVE_UNISTD_H 1
| /* end confdefs.h.  */
| #include <stdio.h>
| #ifdef HAVE_SYS_TYPES_H
| # include <sys/types.h>
| #endif
| #ifdef HAVE_SYS_STAT_H
| # include <sys/stat.h>
| #endif
| #ifdef STDC_HEADERS
| # include <stdlib.h>
| # include <stddef.h>
| #else
| # ifdef HAVE_STDLIB_H
| #  include <stdlib.h>
| # endif
| #endif
| #ifdef HAVE_STRING_H
| # if !defined STDC_HEADERS && defined HAVE_MEMORY_H
| #  include <memory.h>
| # endif
| # include <string.h>
| #endif
| #ifdef HAVE_STRINGS_H
| # include <strings.h>
| #endif
| #ifdef HAVE_INTTYPES_H
| # include <inttypes.h>
| #endif
| #ifdef HAVE_STDINT_H
| # include <stdint.h>
| #endif
| #ifdef HAVE_UNISTD_H
| # include <unistd.h>
| #endif
| #include <sys/endian.h>
configure:5437: result: no
configure:5437: checking sys/endian.h presence
configure:5437: gcc -E  conftest.c
conftest.c:21:10: fatal error: sys/endian.h: No such file or directory
 #include <sys/endian.h>
          ^~~~~~~~~~~~~~
compilation terminated.
configure:5437: $? = 1
configure: failed program was:
| /* confdefs.h */
| #define PACKAGE_NAME "ccminer"
| #define PACKAGE_TARNAME "ccminer"
| #define PACKAGE_VERSION "2014.06.15"
| #define PACKAGE_STRING "ccminer 2014.06.15"
| #define PACKAGE_BUGREPORT ""
| #define PACKAGE_URL ""
| #define PACKAGE "ccminer"
| #define VERSION "2014.06.15"
| #define STDC_HEADERS 1
| #define HAVE_SYS_TYPES_H 1
| #define HAVE_SYS_STAT_H 1
| #define HAVE_STDLIB_H 1
| #define HAVE_STRING_H 1
| #define HAVE_MEMORY_H 1
| #define HAVE_STRINGS_H 1
| #define HAVE_INTTYPES_H 1
| #define HAVE_STDINT_H 1
| #define HAVE_UNISTD_H 1
| /* end confdefs.h.  */
| #include <sys/endian.h>
configure:5437: result: no
configure:5437: checking for sys/endian.h
configure:5437: result: no
configure:5437: checking sys/param.h usability
configure:5437: gcc -c -O3  conftest.c >&5
configure:5437: $? = 0
configure:5437: result: yes
configure:5437: checking sys/param.h presence
configure:5437: gcc -E  conftest.c
configure:5437: $? = 0
configure:5437: result: yes
configure:5437: checking for sys/param.h
configure:5437: result: yes
configure:5437: checking syslog.h usability
configure:5437: gcc -c -O3  conftest.c >&5
configure:5437: $? = 0
configure:5437: result: yes
configure:5437: checking syslog.h presence
configure:5437: gcc -E  conftest.c
configure:5437: $? = 0
configure:5437: result: yes
configure:5437: checking for syslog.h
configure:5437: result: yes
configure:5451: checking for sys/sysctl.h
configure:5451: gcc -c -O3  conftest.c >&5
configure:5451: $? = 0
configure:5451: result: yes
configure:5467: checking whether be32dec is declared
configure:5467: gcc -c -O3  conftest.c >&5
conftest.c: In function 'main':
conftest.c:69:10: error: 'be32dec' undeclared (first use in this function); did you mean 'be32toh'?
   (void) be32dec;
          ^~~~~~~
          be32toh
conftest.c:69:10: note: each undeclared identifier is reported only once for each function it appears in
configure:5467: $? = 1
configure: failed program was:
| /* confdefs.h */
| #define PACKAGE_NAME "ccminer"
| #define PACKAGE_TARNAME "ccminer"
| #define PACKAGE_VERSION "2014.06.15"
| #define PACKAGE_STRING "ccminer 2014.06.15"
| #define PACKAGE_BUGREPORT ""
| #define PACKAGE_URL ""
| #define PACKAGE "ccminer"
| #define VERSION "2014.06.15"
| #define STDC_HEADERS 1
| #define HAVE_SYS_TYPES_H 1
| #define HAVE_SYS_STAT_H 1
| #define HAVE_STDLIB_H 1
| #define HAVE_STRING_H 1
| #define HAVE_MEMORY_H 1
| #define HAVE_STRINGS_H 1
| #define HAVE_INTTYPES_H 1
| #define HAVE_STDINT_H 1
| #define HAVE_UNISTD_H 1
| #define HAVE_SYS_PARAM_H 1
| #define HAVE_SYSLOG_H 1
| #define HAVE_SYS_SYSCTL_H 1
| /* end confdefs.h.  */
| #include <stdio.h>
| #ifdef HAVE_SYS_TYPES_H
| # include <sys/types.h>
| #endif
| #ifdef HAVE_SYS_STAT_H
| # include <sys/stat.h>
| #endif
| #ifdef STDC_HEADERS
| # include <stdlib.h>
| # include <stddef.h>
| #else
| # ifdef HAVE_STDLIB_H
| #  include <stdlib.h>
| # endif
| #endif
| #ifdef HAVE_STRING_H
| # if !defined STDC_HEADERS && defined HAVE_MEMORY_H
| #  include <memory.h>
| # endif
| # include <string.h>
| #endif
| #ifdef HAVE_STRINGS_H
| # include <strings.h>
| #endif
| #ifdef HAVE_INTTYPES_H
| # include <inttypes.h>
| #endif
| #ifdef HAVE_STDINT_H
| # include <stdint.h>
| #endif
| #ifdef HAVE_UNISTD_H
| # include <unistd.h>
| #endif
| #ifdef HAVE_SYS_ENDIAN_H
| #include <sys/endian.h>
| #endif
| 
| 
| int
| main ()
| {
| #ifndef be32dec
| #ifdef __cplusplus
|   (void) be32dec;
| #else
|   (void) be32dec;
| #endif
| #endif
| 
|   ;
|   return 0;
| }
configure:5467: result: no
configure:5482: checking whether le32dec is declared
configure:5482: gcc -c -O3  conftest.c >&5
conftest.c: In function 'main':
conftest.c:70:10: error: 'le32dec' undeclared (first use in this function); did you mean 'le32toh'?
   (void) le32dec;
          ^~~~~~~
          le32toh
conftest.c:70:10: note: each undeclared identifier is reported only once for each function it appears in
configure:5482: $? = 1
configure: failed program was:
| /* confdefs.h */
| #define PACKAGE_NAME "ccminer"
| #define PACKAGE_TARNAME "ccminer"
| #define PACKAGE_VERSION "2014.06.15"
| #define PACKAGE_STRING "ccminer 2014.06.15"
| #define PACKAGE_BUGREPORT ""
| #define PACKAGE_URL ""
| #define PACKAGE "ccminer"
| #define VERSION "2014.06.15"
| #define STDC_HEADERS 1
| #define HAVE_SYS_TYPES_H 1
| #define HAVE_SYS_STAT_H 1
| #define HAVE_STDLIB_H 1
| #define HAVE_STRING_H 1
| #define HAVE_MEMORY_H 1
| #define HAVE_STRINGS_H 1
| #define HAVE_INTTYPES_H 1
| #define HAVE_STDINT_H 1
| #define HAVE_UNISTD_H 1
| #define HAVE_SYS_PARAM_H 1
| #define HAVE_SYSLOG_H 1
| #define HAVE_SYS_SYSCTL_H 1
| #define HAVE_DECL_BE32DEC 0
| /* end confdefs.h.  */
| #include <stdio.h>
| #ifdef HAVE_SYS_TYPES_H
| # include <sys/types.h>
| #endif
| #ifdef HAVE_SYS_STAT_H
| # include <sys/stat.h>
| #endif
| #ifdef STDC_HEADERS
| # include <stdlib.h>
| # include <stddef.h>
| #else
| # ifdef HAVE_STDLIB_H
| #  include <stdlib.h>
| # endif
| #endif
| #ifdef HAVE_STRING_H
| # if !defined STDC_HEADERS && defined HAVE_MEMORY_H
| #  include <memory.h>
| # endif
| # include <string.h>
| #endif
| #ifdef HAVE_STRINGS_H
| # include <strings.h>
| #endif
| #ifdef HAVE_INTTYPES_H
| # include <inttypes.h>
| #endif
| #ifdef HAVE_STDINT_H
| # include <stdint.h>
| #endif
| #ifdef HAVE_UNISTD_H
| # include <unistd.h>
| #endif
| #ifdef HAVE_SYS_ENDIAN_H
| #include <sys/endian.h>
| #endif
| 
| 
| int
| main ()
| {
| #ifndef le32dec
| #ifdef __cplusplus
|   (void) le32dec;
| #else
|   (void) le32dec;
| #endif
| #endif
| 
|   ;
|   return 0;
| }
configure:5482: result: no
configure:5497: checking whether be32enc is declared
configure:5497: gcc -c -O3  conftest.c >&5
conftest.c: In function 'main':
conftest.c:71:10: error: 'be32enc' undeclared (first use in this function); did you mean 'be32toh'?
   (void) be32enc;
          ^~~~~~~
          be32toh
conftest.c:71:10: note: each undeclared identifier is reported only once for each function it appears in
configure:5497: $? = 1
configure: failed program was:
| /* confdefs.h */
| #define PACKAGE_NAME "ccminer"
| #define PACKAGE_TARNAME "ccminer"
| #define PACKAGE_VERSION "2014.06.15"
| #define PACKAGE_STRING "ccminer 2014.06.15"
| #define PACKAGE_BUGREPORT ""
| #define PACKAGE_URL ""
| #define PACKAGE "ccminer"
| #define VERSION "2014.06.15"
| #define STDC_HEADERS 1
| #define HAVE_SYS_TYPES_H 1
| #define HAVE_SYS_STAT_H 1
| #define HAVE_STDLIB_H 1
| #define HAVE_STRING_H 1
| #define HAVE_MEMORY_H 1
| #define HAVE_STRINGS_H 1
| #define HAVE_INTTYPES_H 1
| #define HAVE_STDINT_H 1
| #define HAVE_UNISTD_H 1
| #define HAVE_SYS_PARAM_H 1
| #define HAVE_SYSLOG_H 1
| #define HAVE_SYS_SYSCTL_H 1
| #define HAVE_DECL_BE32DEC 0
| #define HAVE_DECL_LE32DEC 0
| /* end confdefs.h.  */
| #include <stdio.h>
| #ifdef HAVE_SYS_TYPES_H
| # include <sys/types.h>
| #endif
| #ifdef HAVE_SYS_STAT_H
| # include <sys/stat.h>
| #endif
| #ifdef STDC_HEADERS
| # include <stdlib.h>
| # include <stddef.h>
| #else
| # ifdef HAVE_STDLIB_H
| #  include <stdlib.h>
| # endif
| #endif
| #ifdef HAVE_STRING_H
| # if !defined STDC_HEADERS && defined HAVE_MEMORY_H
| #  include <memory.h>
| # endif
| # include <string.h>
| #endif
| #ifdef HAVE_STRINGS_H
| # include <strings.h>
| #endif
| #ifdef HAVE_INTTYPES_H
| # include <inttypes.h>
| #endif
| #ifdef HAVE_STDINT_H
| # include <stdint.h>
| #endif
| #ifdef HAVE_UNISTD_H
| # include <unistd.h>
| #endif
| #ifdef HAVE_SYS_ENDIAN_H
| #include <sys/endian.h>
| #endif
| 
| 
| int
| main ()
| {
| #ifndef be32enc
| #ifdef __cplusplus
|   (void) be32enc;
| #else
|   (void) be32enc;
| #endif
| #endif
| 
|   ;
|   return 0;
| }
configure:5497: result: no
configure:5512: checking whether le32enc is declared
configure:5512: gcc -c -O3  conftest.c >&5
conftest.c: In function 'main':
conftest.c:72:10: error: 'le32enc' undeclared (first use in this function); did you mean 'le32toh'?
   (void) le32enc;
          ^~~~~~~
          le32toh
conftest.c:72:10: note: each undeclared identifier is reported only once for each function it appears in
configure:5512: $? = 1
configure: failed program was:
| /* confdefs.h */
| #define PACKAGE_NAME "ccminer"
| #define PACKAGE_TARNAME "ccminer"
| #define PACKAGE_VERSION "2014.06.15"
| #define PACKAGE_STRING "ccminer 2014.06.15"
| #define PACKAGE_BUGREPORT ""
| #define PACKAGE_URL ""
| #define PACKAGE "ccminer"
| #define VERSION "2014.06.15"
| #define STDC_HEADERS 1
| #define HAVE_SYS_TYPES_H 1
| #define HAVE_SYS_STAT_H 1
| #define HAVE_STDLIB_H 1
| #define HAVE_STRING_H 1
| #define HAVE_MEMORY_H 1
| #define HAVE_STRINGS_H 1
| #define HAVE_INTTYPES_H 1
| #define HAVE_STDINT_H 1
| #define HAVE_UNISTD_H 1
| #define HAVE_SYS_PARAM_H 1
| #define HAVE_SYSLOG_H 1
| #define HAVE_SYS_SYSCTL_H 1
| #define HAVE_DECL_BE32DEC 0
| #define HAVE_DECL_LE32DEC 0
| #define HAVE_DECL_BE32ENC 0
| /* end confdefs.h.  */
| #include <stdio.h>
| #ifdef HAVE_SYS_TYPES_H
| # include <sys/types.h>
| #endif
| #ifdef HAVE_SYS_STAT_H
| # include <sys/stat.h>
| #endif
| #ifdef STDC_HEADERS
| # include <stdlib.h>
| # include <stddef.h>
| #else
| # ifdef HAVE_STDLIB_H
| #  include <stdlib.h>
| # endif
| #endif
| #ifdef HAVE_STRING_H
| # if !defined STDC_HEADERS && defined HAVE_MEMORY_H
| #  include <memory.h>
| # endif
| # include <string.h>
| #endif
| #ifdef HAVE_STRINGS_H
| # include <strings.h>
| #endif
| #ifdef HAVE_INTTYPES_H
| # include <inttypes.h>
| #endif
| #ifdef HAVE_STDINT_H
| # include <stdint.h>
| #endif
| #ifdef HAVE_UNISTD_H
| # include <unistd.h>
| #endif
| #ifdef HAVE_SYS_ENDIAN_H
| #include <sys/endian.h>
| #endif
| 
| 
| int
| main ()
| {
| #ifndef le32enc
| #ifdef __cplusplus
|   (void) le32enc;
| #else
|   (void) le32enc;
| #endif
| #endif
| 
|   ;
|   return 0;
| }
configure:5512: result: no
configure:5529: checking for size_t
configure:5529: gcc -c -O3  conftest.c >&5
configure:5529: $? = 0
configure:5529: gcc -c -O3  conftest.c >&5
conftest.c: In function 'main':
conftest.c:64:21: error: expected expression before ')' token
 if (sizeof ((size_t)))
                     ^
configure:5529: $? = 1
configure: failed program was:
| /* confdefs.h */
| #define PACKAGE_NAME "ccminer"
| #define PACKAGE_TARNAME "ccminer"
| #define PACKAGE_VERSION "2014.06.15"
| #define PACKAGE_STRING "ccminer 2014.06.15"
| #define PACKAGE_BUGREPORT ""
| #define PACKAGE_URL ""
| #define PACKAGE "ccminer"
| #define VERSION "2014.06.15"
| #define STDC_HEADERS 1
| #define HAVE_SYS_TYPES_H 1
| #define HAVE_SYS_STAT_H 1
| #define HAVE_STDLIB_H 1
| #define HAVE_STRING_H 1
| #define HAVE_MEMORY_H 1
| #define HAVE_STRINGS_H 1
| #define HAVE_INTTYPES_H 1
| #define HAVE_STDINT_H 1
| #define HAVE_UNISTD_H 1
| #define HAVE_SYS_PARAM_H 1
| #define HAVE_SYSLOG_H 1
| #define HAVE_SYS_SYSCTL_H 1
| #define HAVE_DECL_BE32DEC 0
| #define HAVE_DECL_LE32DEC 0
| #define HAVE_DECL_BE32ENC 0
| #define HAVE_DECL_LE32ENC 0
| /* end confdefs.h.  */
| #include <stdio.h>
| #ifdef HAVE_SYS_TYPES_H
| # include <sys/types.h>
| #endif
| #ifdef HAVE_SYS_STAT_H
| # include <sys/stat.h>
| #endif
| #ifdef STDC_HEADERS
| # include <stdlib.h>
| # include <stddef.h>
| #else
| # ifdef HAVE_STDLIB_H
| #  include <stdlib.h>
| # endif
| #endif
| #ifdef HAVE_STRING_H
| # if !defined STDC_HEADERS && defined HAVE_MEMORY_H
| #  include <memory.h>
| # endif
| # include <string.h>
| #endif
| #ifdef HAVE_STRINGS_H
| # include <strings.h>
| #endif
| #ifdef HAVE_INTTYPES_H
| # include <inttypes.h>
| #endif
| #ifdef HAVE_STDINT_H
| # include <stdint.h>
| #endif
| #ifdef HAVE_UNISTD_H
| # include <unistd.h>
| #endif
| int
| main ()
| {
| if (sizeof ((size_t)))
| 	    return 0;
|   ;
|   return 0;
| }
configure:5529: result: yes
configure:5542: checking for working alloca.h
configure:5559: gcc -o conftest -O3   conftest.c  >&5
configure:5559: $? = 0
configure:5567: result: yes
configure:5575: checking for alloca
configure:5612: gcc -o conftest -O3   conftest.c  >&5
configure:5612: $? = 0
configure:5620: result: yes
configure:5728: checking for getopt_long
configure:5728: gcc -o conftest -O3   conftest.c  >&5
configure:5728: $? = 0
configure:5728: result: yes
configure:5765: checking whether we can compile AVX code
configure:5778: gcc -c -O3  conftest.c >&5
configure:5778: $? = 0
configure:5782: result: yes
configure:5784: checking whether we can compile XOP code
configure:5797: gcc -c -O3  conftest.c >&5
configure:5797: $? = 0
configure:5801: result: yes
configure:5812: checking whether we can compile AVX2 code
configure:5825: gcc -c -O3  conftest.c >&5
configure:5825: $? = 0
configure:5829: result: yes
configure:5851: checking for json_loads in -ljansson
configure:5876: gcc -o conftest -O3   conftest.c -ljansson   >&5
configure:5876: $? = 0
configure:5885: result: yes
configure:5893: checking for pthread_create in -lpthread
configure:5918: gcc -o conftest -O3   conftest.c -lpthread   >&5
configure:5918: $? = 0
configure:5927: result: yes
configure:6058: checking for SSL_library_init in -lssl
configure:6083: gcc -o conftest -O3   conftest.c -lssl   >&5
/tmp/cc4jHsVr.o: In function `main':
conftest.c:(.text.startup+0x7): undefined reference to `SSL_library_init'
collect2: error: ld returned 1 exit status
configure:6083: $? = 1
configure: failed program was:
| /* confdefs.h */
| #define PACKAGE_NAME "ccminer"
| #define PACKAGE_TARNAME "ccminer"
| #define PACKAGE_VERSION "2014.06.15"
| #define PACKAGE_STRING "ccminer 2014.06.15"
| #define PACKAGE_BUGREPORT ""
| #define PACKAGE_URL ""
| #define PACKAGE "ccminer"
| #define VERSION "2014.06.15"
| #define STDC_HEADERS 1
| #define HAVE_SYS_TYPES_H 1
| #define HAVE_SYS_STAT_H 1
| #define HAVE_STDLIB_H 1
| #define HAVE_STRING_H 1
| #define HAVE_MEMORY_H 1
| #define HAVE_STRINGS_H 1
| #define HAVE_INTTYPES_H 1
| #define HAVE_STDINT_H 1
| #define HAVE_UNISTD_H 1
| #define HAVE_SYS_PARAM_H 1
| #define HAVE_SYSLOG_H 1
| #define HAVE_SYS_SYSCTL_H 1
| #define HAVE_DECL_BE32DEC 0
| #define HAVE_DECL_LE32DEC 0
| #define HAVE_DECL_BE32ENC 0
| #define HAVE_DECL_LE32ENC 0
| #define HAVE_ALLOCA_H 1
| #define HAVE_ALLOCA 1
| #define HAVE_GETOPT_LONG 1
| #define USE_AVX 1
| #define USE_XOP 1
| #define USE_AVX2 1
| /* end confdefs.h.  */
| 
| /* Override any GCC internal prototype to avoid an error.
|    Use char because int might match the return type of a GCC
|    builtin and then its argument prototype would still apply.  */
| #ifdef __cplusplus
| extern "C"
| #endif
| char SSL_library_init ();
| int
| main ()
| {
| return SSL_library_init ();
|   ;
|   return 0;
| }
configure:6092: result: no
configure:6102: error: OpenSSL library required

## ---------------- ##
## Cache variables. ##
## ---------------- ##

ac_cv_build=x86_64-unknown-linux-gnu
ac_cv_c_compiler_gnu=yes
ac_cv_cxx_compiler_gnu=yes
ac_cv_env_CCASFLAGS_set=
ac_cv_env_CCASFLAGS_value=
ac_cv_env_CCAS_set=
ac_cv_env_CCAS_value=
ac_cv_env_CCC_set=
ac_cv_env_CCC_value=
ac_cv_env_CC_set=
ac_cv_env_CC_value=
ac_cv_env_CFLAGS_set=set
ac_cv_env_CFLAGS_value=-O3
ac_cv_env_CPPFLAGS_set=
ac_cv_env_CPPFLAGS_value=
ac_cv_env_CPP_set=
ac_cv_env_CPP_value=
ac_cv_env_CXXFLAGS_set=set
ac_cv_env_CXXFLAGS_value=-O3
ac_cv_env_CXX_set=
ac_cv_env_CXX_value=
ac_cv_env_LDFLAGS_set=
ac_cv_env_LDFLAGS_value=
ac_cv_env_LIBS_set=
ac_cv_env_LIBS_value=
ac_cv_env_build_alias_set=
ac_cv_env_build_alias_value=
ac_cv_env_host_alias_set=
ac_cv_env_host_alias_value=
ac_cv_env_target_alias_set=
ac_cv_env_target_alias_value=
ac_cv_func_alloca_works=yes
ac_cv_func_getopt_long=yes
ac_cv_have_decl_be32dec=no
ac_cv_have_decl_be32enc=no
ac_cv_have_decl_le32dec=no
ac_cv_have_decl_le32enc=no
ac_cv_header_inttypes_h=yes
ac_cv_header_memory_h=yes
ac_cv_header_stdc=yes
ac_cv_header_stdint_h=yes
ac_cv_header_stdlib_h=yes
ac_cv_header_string_h=yes
ac_cv_header_strings_h=yes
ac_cv_header_sys_endian_h=no
ac_cv_header_sys_param_h=yes
ac_cv_header_sys_stat_h=yes
ac_cv_header_sys_sysctl_h=yes
ac_cv_header_sys_types_h=yes
ac_cv_header_syslog_h=yes
ac_cv_header_unistd_h=yes
ac_cv_host=x86_64-unknown-linux-gnu
ac_cv_lib_jansson_json_loads=yes
ac_cv_lib_pthread_pthread_create=yes
ac_cv_lib_ssl_SSL_library_init=no
ac_cv_objext=o
ac_cv_path_EGREP='/usr/bin/grep -E'
ac_cv_path_GREP=/usr/bin/grep
ac_cv_path_install='/usr/bin/install -c'
ac_cv_path_mkdir=/usr/bin/mkdir
ac_cv_prog_AWK=gawk
ac_cv_prog_CPP='gcc -E'
ac_cv_prog_ac_ct_CC=gcc
ac_cv_prog_ac_ct_CXX=g++
ac_cv_prog_ac_ct_RANLIB=ranlib
ac_cv_prog_c_openmp=-fopenmp
ac_cv_prog_cc_c89=
ac_cv_prog_cc_c99=
ac_cv_prog_cc_g=yes
ac_cv_prog_cxx_g=yes
ac_cv_prog_gcc_traditional=no
ac_cv_prog_make_make_set=yes
ac_cv_target=x86_64-unknown-linux-gnu
ac_cv_type_size_t=yes
ac_cv_working_alloca_h=yes
am_cv_CCAS_dependencies_compiler_type=gcc3
am_cv_CC_dependencies_compiler_type=gcc3
am_cv_CXX_dependencies_compiler_type=gcc3
am_cv_make_support_nested_variables=yes
am_cv_prog_cc_c_o=yes

## ----------------- ##
## Output variables. ##
## ----------------- ##

ACLOCAL='aclocal-1.15'
ALLOCA=''
AMDEPBACKSLASH='\'
AMDEP_FALSE='#'
AMDEP_TRUE=''
AMTAR='$${TAR-tar}'
AM_BACKSLASH='\'
AM_DEFAULT_V='$(AM_DEFAULT_VERBOSITY)'
AM_DEFAULT_VERBOSITY='1'
AM_V='$(V)'
ARCH_x86_64_FALSE=''
ARCH_x86_64_TRUE=''
ARCH_x86_FALSE=''
ARCH_x86_TRUE=''
AUTOCONF='autoconf'
AUTOHEADER='autoheader'
AUTOMAKE='automake-1.15'
AWK='gawk'
CC='gcc'
CCAS='gcc'
CCASDEPMODE='depmode=gcc3'
CCASFLAGS='-O3'
CCDEPMODE='depmode=gcc3'
CFLAGS='-O3'
CPP='gcc -E'
CPPFLAGS=''
CUDA_CFLAGS=''
CUDA_LDFLAGS=''
CUDA_LIBS=''
CXX='g++'
CXXDEPMODE='depmode=gcc3'
CXXFLAGS='-O3'
CYGPATH_W='echo'
DEFS=''
DEPDIR='.deps'
ECHO_C=''
ECHO_N='-n'
ECHO_T=''
EGREP='/usr/bin/grep -E'
EXEEXT=''
GREP='/usr/bin/grep'
HAVE_WINDOWS_FALSE=''
HAVE_WINDOWS_TRUE=''
INSTALL_DATA='${INSTALL} -m 644'
INSTALL_PROGRAM='${INSTALL}'
INSTALL_SCRIPT='${INSTALL}'
INSTALL_STRIP_PROGRAM='$(install_sh) -c -s'
JANSSON_LIBS=''
LDFLAGS=''
LIBCURL=''
LIBCURL_CPPFLAGS=''
LIBOBJS=''
LIBS=''
LTLIBOBJS=''
MAINT='#'
MAINTAINER_MODE_FALSE=''
MAINTAINER_MODE_TRUE='#'
MAKEINFO='makeinfo'
MKDIR_P='/usr/bin/mkdir -p'
NVCC=''
OBJEXT='o'
OPENMP_CFLAGS='-fopenmp'
PACKAGE='ccminer'
PACKAGE_BUGREPORT=''
PACKAGE_NAME='ccminer'
PACKAGE_STRING='ccminer 2014.06.15'
PACKAGE_TARNAME='ccminer'
PACKAGE_URL=''
PACKAGE_VERSION='2014.06.15'
PATH_SEPARATOR=':'
PTHREAD_FLAGS='-pthread'
PTHREAD_LIBS='-lpthread'
RANLIB='ranlib'
SET_MAKE=''
SHELL='/bin/sh'
STRIP=''
VERSION='2014.06.15'
WANT_JANSSON_FALSE=''
WANT_JANSSON_TRUE=''
WS2_LIBS=''
_libcurl_config=''
ac_ct_CC='gcc'
ac_ct_CXX='g++'
am__EXEEXT_FALSE=''
am__EXEEXT_TRUE=''
am__fastdepCCAS_FALSE='#'
am__fastdepCCAS_TRUE=''
am__fastdepCC_FALSE='#'
am__fastdepCC_TRUE=''
am__fastdepCXX_FALSE='#'
am__fastdepCXX_TRUE=''
am__include='include'
am__isrc=''
am__leading_dot='.'
am__nodep='_no'
am__quote=''
am__tar='$${TAR-tar} chof - "$$tardir"'
am__untar='$${TAR-tar} xf -'
bindir='${exec_prefix}/bin'
build='x86_64-unknown-linux-gnu'
build_alias=''
build_cpu='x86_64'
build_os='linux-gnu'
build_vendor='unknown'
datadir='${datarootdir}'
datarootdir='${prefix}/share'
docdir='${datarootdir}/doc/${PACKAGE_TARNAME}'
dvidir='${docdir}'
exec_prefix='NONE'
host='x86_64-unknown-linux-gnu'
host_alias=''
host_cpu='x86_64'
host_os='linux-gnu'
host_vendor='unknown'
htmldir='${docdir}'
includedir='${prefix}/include'
infodir='${datarootdir}/info'
install_sh='${SHELL} /home/crysx/tmp-cwigm-sm/cwigmcc-sm/install-sh'
libdir='${exec_prefix}/lib'
libexecdir='${exec_prefix}/libexec'
localedir='${datarootdir}/locale'
localstatedir='${prefix}/var'
mandir='${datarootdir}/man'
mkdir_p='$(MKDIR_P)'
oldincludedir='/usr/include'
pdfdir='${docdir}'
prefix='NONE'
program_transform_name='s,x,x,'
psdir='${docdir}'
sbindir='${exec_prefix}/sbin'
sharedstatedir='${prefix}/com'
sysconfdir='${prefix}/etc'
target='x86_64-unknown-linux-gnu'
target_alias=''
target_cpu='x86_64'
target_os='linux-gnu'
target_vendor='unknown'

## ----------- ##
## confdefs.h. ##
## ----------- ##

/* confdefs.h */
#define PACKAGE_NAME "ccminer"
#define PACKAGE_TARNAME "ccminer"
#define PACKAGE_VERSION "2014.06.15"
#define PACKAGE_STRING "ccminer 2014.06.15"
#define PACKAGE_BUGREPORT ""
#define PACKAGE_URL ""
#define PACKAGE "ccminer"
#define VERSION "2014.06.15"
#define STDC_HEADERS 1
#define HAVE_SYS_TYPES_H 1
#define HAVE_SYS_STAT_H 1
#define HAVE_STDLIB_H 1
#define HAVE_STRING_H 1
#define HAVE_MEMORY_H 1
#define HAVE_STRINGS_H 1
#define HAVE_INTTYPES_H 1
#define HAVE_STDINT_H 1
#define HAVE_UNISTD_H 1
#define HAVE_SYS_PARAM_H 1
#define HAVE_SYSLOG_H 1
#define HAVE_SYS_SYSCTL_H 1
#define HAVE_DECL_BE32DEC 0
#define HAVE_DECL_LE32DEC 0
#define HAVE_DECL_BE32ENC 0
#define HAVE_DECL_LE32ENC 0
#define HAVE_ALLOCA_H 1
#define HAVE_ALLOCA 1
#define HAVE_GETOPT_LONG 1
#define USE_AVX 1
#define USE_XOP 1
#define USE_AVX2 1

configure: exit 1
